[0mCompiling "resources/public/js/compiled/app.js" from ["src/cljs"]...[0m
[32mSuccessfully compiled "resources/public/js/compiled/app.js" in 17.612 seconds.[0m
notifying browser that file changed:  resources/public/js/compiled/out/goog/deps.js
notifying browser that file changed:  resources/public/js/compiled/out/cljs_deps.js
notifying browser that file changed:  resources\public\js\compiled\out\pikogram\views.js
[0mCompiling "resources/public/js/compiled/app.js" from ["src/cljs"]...[0m
[32mSuccessfully compiled "resources/public/js/compiled/app.js" in 4.355 seconds.[0m
notifying browser that file changed:  resources\public\js\compiled\out\pikogram\views.js
[0mCompiling "resources/public/js/compiled/app.js" from ["src/cljs"]...[0m
[32mSuccessfully compiled "resources/public/js/compiled/app.js" in 4.566 seconds.[0m
notifying browser that file changed:  resources\public\js\compiled\out\pikogram\views.js
[0mCompiling "resources/public/js/compiled/app.js" from ["src/cljs"]...[0m
[32mSuccessfully compiled "resources/public/js/compiled/app.js" in 3.664 seconds.[0m
notifying browser that file changed:  resources\public\js\compiled\out\pikogram\views.js
[0mCompiling "resources/public/js/compiled/app.js" from ["src/cljs"]...[0m
[32mSuccessfully compiled "resources/public/js/compiled/app.js" in 4.259 seconds.[0m
notifying browser that file changed:  resources\public\js\compiled\out\pikogram\views.js
[0mCompiling "resources/public/js/compiled/app.js" from ["src/cljs"]...[0m
[32mSuccessfully compiled "resources/public/js/compiled/app.js" in 3.983 seconds.[0m
notifying browser that file changed:  resources\public\js\compiled\out\pikogram\db.js
[0mCompiling "resources/public/js/compiled/app.js" from ["src/cljs"]...[0m
[32mSuccessfully compiled "resources/public/js/compiled/app.js" in 3.466 seconds.[0m
notifying browser that file changed:  resources\public\js\compiled\out\pikogram\views.js
[0mCompiling "resources/public/js/compiled/app.js" from ["src/cljs"]...[0m
[32mSuccessfully compiled "resources/public/js/compiled/app.js" in 3.616 seconds.[0m
notifying browser that file changed:  resources\public\js\compiled\out\pikogram\db.js
[0mCompiling "resources/public/js/compiled/app.js" from ["src/cljs"]...[0m
[32mSuccessfully compiled "resources/public/js/compiled/app.js" in 3.579 seconds.[0m
notifying browser that file changed:  resources\public\js\compiled\out\pikogram\views.js
[0mCompiling "resources/public/js/compiled/app.js" from ["src/cljs"]...[0m
[32mSuccessfully compiled "resources/public/js/compiled/app.js" in 3.706 seconds.[0m
notifying browser that file changed:  resources\public\js\compiled\out\pikogram\views.js
[0mCompiling "resources/public/js/compiled/app.js" from ["src/cljs"]...[0m
[32mSuccessfully compiled "resources/public/js/compiled/app.js" in 3.558 seconds.[0m
notifying browser that file changed:  resources\public\js\compiled\out\pikogram\views.js
[0mCompiling "resources/public/js/compiled/app.js" from ["src/cljs"]...[0m
[32mSuccessfully compiled "resources/public/js/compiled/app.js" in 3.568 seconds.[0m
notifying browser that file changed:  resources\public\js\compiled\out\pikogram\views.js
[0mCompiling "resources/public/js/compiled/app.js" from ["src/cljs"]...[0m
[32mSuccessfully compiled "resources/public/js/compiled/app.js" in 3.622 seconds.[0m
notifying browser that file changed:  resources\public\js\compiled\out\pikogram\views.js
[0mCompiling "resources/public/js/compiled/app.js" from ["src/cljs"]...[0m
[32mSuccessfully compiled "resources/public/js/compiled/app.js" in 3.567 seconds.[0m
notifying browser that file changed:  resources\public\js\compiled\out\pikogram\views.js
[0mCompiling "resources/public/js/compiled/app.js" from ["src/cljs"]...[0m
[32mSuccessfully compiled "resources/public/js/compiled/app.js" in 3.455 seconds.[0m
notifying browser that file changed:  resources\public\js\compiled\out\pikogram\views.js
[0mCompiling "resources/public/js/compiled/app.js" from ["src/cljs"]...[0m
[32mSuccessfully compiled "resources/public/js/compiled/app.js" in 3.411 seconds.[0m
notifying browser that file changed:  resources\public\js\compiled\out\pikogram\db.js
[0mCompiling "resources/public/js/compiled/app.js" from ["src/cljs"]...[0m
[32mSuccessfully compiled "resources/public/js/compiled/app.js" in 3.721 seconds.[0m
notifying browser that file changed:  resources\public\js\compiled\out\pikogram\db.js
[0mCompiling "resources/public/js/compiled/app.js" from ["src/cljs"]...[0m
[32mSuccessfully compiled "resources/public/js/compiled/app.js" in 3.851 seconds.[0m
notifying browser that file changed:  resources\public\js\compiled\out\pikogram\db.js
[0mCompiling "resources/public/js/compiled/app.js" from ["src/cljs"]...[0m
[32mSuccessfully compiled "resources/public/js/compiled/app.js" in 3.683 seconds.[0m
notifying browser that file changed:  resources\public\js\compiled\out\pikogram\db.js
[0mCompiling "resources/public/js/compiled/app.js" from ["src/cljs"]...[0m
[32mSuccessfully compiled "resources/public/js/compiled/app.js" in 3.539 seconds.[0m
notifying browser that file changed:  resources\public\js\compiled\out\pikogram\views.js
[0mCompiling "resources/public/js/compiled/app.js" from ["src/cljs"]...[0m
[32mSuccessfully compiled "resources/public/js/compiled/app.js" in 3.604 seconds.[0m
notifying browser that file changed:  resources\public\js\compiled\out\pikogram\views.js
[0mCompiling "resources/public/js/compiled/app.js" from ["src/cljs"]...[0m
[32mSuccessfully compiled "resources/public/js/compiled/app.js" in 3.463 seconds.[0m
notifying browser that file changed:  resources\public\js\compiled\out\pikogram\db.js
[0mCompiling "resources/public/js/compiled/app.js" from ["src/cljs"]...[0m
[32mSuccessfully compiled "resources/public/js/compiled/app.js" in 3.546 seconds.[0m
notifying browser that file changed:  resources\public\js\compiled\out\pikogram\db.js
[0mCompiling "resources/public/js/compiled/app.js" from ["src/cljs"]...[0m
[32mSuccessfully compiled "resources/public/js/compiled/app.js" in 3.877 seconds.[0m
notifying browser that file changed:  resources\public\js\compiled\out\pikogram\db.js
[0mCompiling "resources/public/js/compiled/app.js" from ["src/cljs"]...[0m
[32mSuccessfully compiled "resources/public/js/compiled/app.js" in 3.492 seconds.[0m
notifying browser that file changed:  resources\public\js\compiled\out\pikogram\db.js
[0mCompiling "resources/public/js/compiled/app.js" from ["src/cljs"]...[0m
[32mSuccessfully compiled "resources/public/js/compiled/app.js" in 4.204 seconds.[0m
notifying browser that file changed:  resources\public\js\compiled\out\pikogram\db.js
[0mCompiling "resources/public/js/compiled/app.js" from ["src/cljs"]...[0m
[32mSuccessfully compiled "resources/public/js/compiled/app.js" in 3.239 seconds.[0m
notifying browser that file changed:  resources\public\js\compiled\out\pikogram\views.js
[0mCompiling "resources/public/js/compiled/app.js" from ["src/cljs"]...[0m
[32mSuccessfully compiled "resources/public/js/compiled/app.js" in 8.879 seconds.[0m
notifying browser that file changed:  resources\public\js\compiled\out\pikogram\views.js
[0mCompiling "resources/public/js/compiled/app.js" from ["src/cljs"]...[0m
[36m----  Compiler Warning on   src/cljs/pikogram/views.cljs   line:14  column:20  ----[0m

  [1mUse of undeclared Var pikogram.views/filters[0m

  [36m10[0m  [36m(defn main-panel [][0m
  [36m11[0m  [36m  [:section[0m
  [36m12[0m  [36m   [:img {:src "pik.jpg"[0m
  [36m13[0m  [36m          :style[0m
  [33m14[0m  [1m          {:filter filters}}]])[0m
  [0m  [0m  [33m                   ^--- Use of undeclared Var pikogram.views/filters[0m

[36m----  Compiler Warning : Please see src/cljs/pikogram/views.cljs  ----[0m
[32mSuccessfully compiled "resources/public/js/compiled/app.js" in 3.655 seconds.[0m
notifying browser that file changed:  resources\public\js\compiled\out\pikogram\views.js
[0mCompiling "resources/public/js/compiled/app.js" from ["src/cljs"]...[0m
[36m----  Compiler Warning on   src/cljs/pikogram/views.cljs   line:13  column:20  ----[0m

  [1mUse of undeclared Var pikogram.views/filters[0m

  [36m 9[0m  [36m(defn main-panel [][0m
  [36m10[0m  [36m  [:section[0m
  [36m11[0m  [36m   [:img {:src "pik.jpg"[0m
  [36m12[0m  [36m          :style[0m
  [33m13[0m  [1m          {:filter filters}}]])[0m
  [0m  [0m  [33m                   ^--- Use of undeclared Var pikogram.views/filters[0m

[36m----  Compiler Warning : Please see src/cljs/pikogram/views.cljs  ----[0m
[32mSuccessfully compiled "resources/public/js/compiled/app.js" in 3.592 seconds.[0m
notifying browser that file changed:  resources\public\js\compiled\out\pikogram\views.js
[0mCompiling "resources/public/js/compiled/app.js" from ["src/cljs"]...[0m
[32mSuccessfully compiled "resources/public/js/compiled/app.js" in 4.091 seconds.[0m
notifying browser that file changed:  resources\public\js\compiled\out\pikogram\views.js
[0mCompiling "resources/public/js/compiled/app.js" from ["src/cljs"]...[0m
[32mSuccessfully compiled "resources/public/js/compiled/app.js" in 3.155 seconds.[0m
notifying browser that file changed:  resources\public\js\compiled\out\pikogram\views.js
[0mCompiling "resources/public/js/compiled/app.js" from ["src/cljs"]...[0m
[32mSuccessfully compiled "resources/public/js/compiled/app.js" in 3.681 seconds.[0m
notifying browser that file changed:  resources\public\js\compiled\out\pikogram\views.js
[0mCompiling "resources/public/js/compiled/app.js" from ["src/cljs"]...[0m
[32mSuccessfully compiled "resources/public/js/compiled/app.js" in 3.653 seconds.[0m
notifying browser that file changed:  resources\public\js\compiled\out\pikogram\views.js
[0mCompiling "resources/public/js/compiled/app.js" from ["src/cljs"]...[0m
[32mSuccessfully compiled "resources/public/js/compiled/app.js" in 3.141 seconds.[0m
notifying browser that file changed:  resources\public\js\compiled\out\pikogram\views.js
[0mCompiling "resources/public/js/compiled/app.js" from ["src/cljs"]...[0m
[32mSuccessfully compiled "resources/public/js/compiled/app.js" in 3.38 seconds.[0m
notifying browser that file changed:  resources\public\js\compiled\out\pikogram\views.js
[0mCompiling "resources/public/js/compiled/app.js" from ["src/cljs"]...[0m
[32mSuccessfully compiled "resources/public/js/compiled/app.js" in 3.212 seconds.[0m
notifying browser that file changed:  resources\public\js\compiled\out\pikogram\views.js
[0mCompiling "resources/public/js/compiled/app.js" from ["src/cljs"]...[0m
[32mSuccessfully compiled "resources/public/js/compiled/app.js" in 3.355 seconds.[0m
notifying browser that file changed:  resources\public\js\compiled\out\pikogram\db.js
[0mCompiling "resources/public/js/compiled/app.js" from ["src/cljs"]...[0m
[32mSuccessfully compiled "resources/public/js/compiled/app.js" in 3.611 seconds.[0m
notifying browser that file changed:  resources\public\js\compiled\out\pikogram\db.js
[0mCompiling "resources/public/js/compiled/app.js" from ["src/cljs"]...[0m
[32mSuccessfully compiled "resources/public/js/compiled/app.js" in 3.261 seconds.[0m
notifying browser that file changed:  resources\public\js\compiled\out\pikogram\views.js
[0mCompiling "resources/public/js/compiled/app.js" from ["src/cljs"]...[0m
[32mSuccessfully compiled "resources/public/js/compiled/app.js" in 4.953 seconds.[0m
notifying browser that file changed:  resources\public\js\compiled\out\pikogram\db.js
[0mCompiling "resources/public/js/compiled/app.js" from ["src/cljs"]...[0m
[32mSuccessfully compiled "resources/public/js/compiled/app.js" in 3.393 seconds.[0m
notifying browser that file changed:  resources\public\js\compiled\out\pikogram\views.js
[0mCompiling "resources/public/js/compiled/app.js" from ["src/cljs"]...[0m
[32mSuccessfully compiled "resources/public/js/compiled/app.js" in 5.317 seconds.[0m
notifying browser that file changed:  resources\public\js\compiled\out\pikogram\db.js
[0mCompiling "resources/public/js/compiled/app.js" from ["src/cljs"]...[0m
[32mSuccessfully compiled "resources/public/js/compiled/app.js" in 5.1 seconds.[0m
notifying browser that file changed:  resources\public\js\compiled\out\pikogram\db.js
[0mCompiling "resources/public/js/compiled/app.js" from ["src/cljs"]...[0m
[32mSuccessfully compiled "resources/public/js/compiled/app.js" in 3.231 seconds.[0m
notifying browser that file changed:  resources\public\js\compiled\out\pikogram\views.js
[0mCompiling "resources/public/js/compiled/app.js" from ["src/cljs"]...[0m
[32mSuccessfully compiled "resources/public/js/compiled/app.js" in 3.251 seconds.[0m
notifying browser that file changed:  resources\public\js\compiled\out\pikogram\views.js
[0mCompiling "resources/public/js/compiled/app.js" from ["src/cljs"]...[0m
[32mSuccessfully compiled "resources/public/js/compiled/app.js" in 3.264 seconds.[0m
notifying browser that file changed:  resources\public\js\compiled\out\pikogram\views.js
[0mCompiling "resources/public/js/compiled/app.js" from ["src/cljs"]...[0m
[32mSuccessfully compiled "resources/public/js/compiled/app.js" in 3.272 seconds.[0m
notifying browser that file changed:  resources\public\js\compiled\out\pikogram\views.js
[0mCompiling "resources/public/js/compiled/app.js" from ["src/cljs"]...[0m
[32mSuccessfully compiled "resources/public/js/compiled/app.js" in 4.323 seconds.[0m
notifying browser that file changed:  resources\public\js\compiled\out\pikogram\db.js
[0mCompiling "resources/public/js/compiled/app.js" from ["src/cljs"]...[0m
[32mSuccessfully compiled "resources/public/js/compiled/app.js" in 3.363 seconds.[0m
notifying browser that file changed:  resources\public\js\compiled\out\pikogram\views.js
[0mCompiling "resources/public/js/compiled/app.js" from ["src/cljs"]...[0m
[32mSuccessfully compiled "resources/public/js/compiled/app.js" in 3.467 seconds.[0m
notifying browser that file changed:  resources\public\js\compiled\out\pikogram\views.js
[0mCompiling "resources/public/js/compiled/app.js" from ["src/cljs"]...[0m
[32mSuccessfully compiled "resources/public/js/compiled/app.js" in 3.336 seconds.[0m
notifying browser that file changed:  resources\public\js\compiled\out\pikogram\views.js
[0mCompiling "resources/public/js/compiled/app.js" from ["src/cljs"]...[0m
[32mSuccessfully compiled "resources/public/js/compiled/app.js" in 3.834 seconds.[0m
notifying browser that file changed:  resources\public\js\compiled\out\pikogram\views.js
[0mCompiling "resources/public/js/compiled/app.js" from ["src/cljs"]...[0m
[32mSuccessfully compiled "resources/public/js/compiled/app.js" in 3.267 seconds.[0m
notifying browser that file changed:  resources\public\js\compiled\out\pikogram\views.js
[0mCompiling "resources/public/js/compiled/app.js" from ["src/cljs"]...[0m
[32mSuccessfully compiled "resources/public/js/compiled/app.js" in 3.359 seconds.[0m
notifying browser that file changed:  resources\public\js\compiled\out\pikogram\views.js
[0mCompiling "resources/public/js/compiled/app.js" from ["src/cljs"]...[0m
[32mSuccessfully compiled "resources/public/js/compiled/app.js" in 3.427 seconds.[0m
notifying browser that file changed:  resources\public\js\compiled\out\pikogram\views.js
[0mCompiling "resources/public/js/compiled/app.js" from ["src/cljs"]...[0m
[32mSuccessfully compiled "resources/public/js/compiled/app.js" in 3.363 seconds.[0m
notifying browser that file changed:  resources\public\js\compiled\out\pikogram\views.js
[0mCompiling "resources/public/js/compiled/app.js" from ["src/cljs"]...[0m
[32mSuccessfully compiled "resources/public/js/compiled/app.js" in 3.333 seconds.[0m
notifying browser that file changed:  resources\public\js\compiled\out\pikogram\views.js
[0mCompiling "resources/public/js/compiled/app.js" from ["src/cljs"]...[0m
[32mSuccessfully compiled "resources/public/js/compiled/app.js" in 3.375 seconds.[0m
notifying browser that file changed:  resources\public\js\compiled\out\pikogram\views.js
[0mCompiling "resources/public/js/compiled/app.js" from ["src/cljs"]...[0m
[32mSuccessfully compiled "resources/public/js/compiled/app.js" in 3.561 seconds.[0m
notifying browser that file changed:  resources\public\js\compiled\out\pikogram\db.js
[0mCompiling "resources/public/js/compiled/app.js" from ["src/cljs"]...[0m
[32mSuccessfully compiled "resources/public/js/compiled/app.js" in 3.811 seconds.[0m
notifying browser that file changed:  resources\public\js\compiled\out\pikogram\db.js
[0mCompiling "resources/public/js/compiled/app.js" from ["src/cljs"]...[0m
[32mSuccessfully compiled "resources/public/js/compiled/app.js" in 4.413 seconds.[0m
notifying browser that file changed:  resources\public\js\compiled\out\pikogram\db.js
[0mCompiling "resources/public/js/compiled/app.js" from ["src/cljs"]...[0m
[32mSuccessfully compiled "resources/public/js/compiled/app.js" in 3.476 seconds.[0m
notifying browser that file changed:  resources\public\js\compiled\out\pikogram\db.js
[0mCompiling "resources/public/js/compiled/app.js" from ["src/cljs"]...[0m
[32mSuccessfully compiled "resources/public/js/compiled/app.js" in 4.151 seconds.[0m
notifying browser that file changed:  resources\public\js\compiled\out\pikogram\db.js
[0mCompiling "resources/public/js/compiled/app.js" from ["src/cljs"]...[0m
[32mSuccessfully compiled "resources/public/js/compiled/app.js" in 8.809 seconds.[0m
notifying browser that file changed:  resources\public\js\compiled\out\pikogram\views.js
[0mCompiling "resources/public/js/compiled/app.js" from ["src/cljs"]...[0m
[32mSuccessfully compiled "resources/public/js/compiled/app.js" in 3.401 seconds.[0m
notifying browser that file changed:  resources\public\js\compiled\out\pikogram\views.js
[0mCompiling "resources/public/js/compiled/app.js" from ["src/cljs"]...[0m
[32mSuccessfully compiled "resources/public/js/compiled/app.js" in 3.372 seconds.[0m
notifying browser that file changed:  resources\public\js\compiled\out\pikogram\views.js
[0mCompiling "resources/public/js/compiled/app.js" from ["src/cljs"]...[0m
[32mSuccessfully compiled "resources/public/js/compiled/app.js" in 3.335 seconds.[0m
notifying browser that file changed:  resources\public\js\compiled\out\pikogram\views.js
[0mCompiling "resources/public/js/compiled/app.js" from ["src/cljs"]...[0m
[32mSuccessfully compiled "resources/public/js/compiled/app.js" in 3.479 seconds.[0m
notifying browser that file changed:  resources\public\js\compiled\out\pikogram\views.js
[0mCompiling "resources/public/js/compiled/app.js" from ["src/cljs"]...[0m
[32mSuccessfully compiled "resources/public/js/compiled/app.js" in 3.315 seconds.[0m
notifying browser that file changed:  resources\public\js\compiled\out\pikogram\views.js
[0mCompiling "resources/public/js/compiled/app.js" from ["src/cljs"]...[0m
[32mSuccessfully compiled "resources/public/js/compiled/app.js" in 4.106 seconds.[0m
notifying browser that file changed:  resources\public\js\compiled\out\pikogram\views.js
[0mCompiling "resources/public/js/compiled/app.js" from ["src/cljs"]...[0m
[36m----  Compiler Warning on   src/cljs/pikogram/views.cljs   line:27  column:6  ----[0m

  [1mUse of undeclared Var pikogram.views/set-in[0m

  [36m24[0m  [36m(re-frame/reg-event-db[0m
  [36m25[0m  [36m  ::setFiltersValue[0m
  [36m26[0m  [36m  (fn [db [_ newValue]][0m
  [33m27[0m  [1m    (set-in db [:grayscale] newValue)))[0m
  [0m  [0m  [33m     ^--- Use of undeclared Var pikogram.views/set-in[0m
  [36m28[0m  [36m[0m
  [36m29[0m  [36m[0m
  [36m30[0m  [36m(defn main-panel [][0m
  [36m31[0m  [36m  (let [filters @(re-frame/subscribe [::getFiltersValue])][0m
  [36m32[0m  [36m    (.log js/console filters)[0m

[36m----  Compiler Warning : Please see src/cljs/pikogram/views.cljs  ----[0m
[32mSuccessfully compiled "resources/public/js/compiled/app.js" in 3.755 seconds.[0m
notifying browser that file changed:  resources\public\js\compiled\out\pikogram\views.js
[0mCompiling "resources/public/js/compiled/app.js" from ["src/cljs"]...[0m
[36m----  Compiler Warning on   src/cljs/pikogram/views.cljs   line:27  column:6  ----[0m

  [1mUse of undeclared Var pikogram.views/set-in[0m

  [36m24[0m  [36m(re-frame/reg-event-db[0m
  [36m25[0m  [36m  ::setFiltersValue[0m
  [36m26[0m  [36m  (fn [db [_ newValue]][0m
  [33m27[0m  [1m    (set-in db [:grayscale] newValue)))[0m
  [0m  [0m  [33m     ^--- Use of undeclared Var pikogram.views/set-in[0m
  [36m28[0m  [36m[0m
  [36m29[0m  [36m[0m
  [36m30[0m  [36m(defn main-panel [][0m
  [36m31[0m  [36m  (let [filters @(re-frame/subscribe [::getFiltersValue])][0m
  [36m32[0m  [36m    (.log js/console filters)[0m

[36m----  Compiler Warning : Please see src/cljs/pikogram/views.cljs  ----[0m
[32mSuccessfully compiled "resources/public/js/compiled/app.js" in 3.817 seconds.[0m
notifying browser that file changed:  resources\public\js\compiled\out\pikogram\views.js
[0mCompiling "resources/public/js/compiled/app.js" from ["src/cljs"]...[0m
[32mSuccessfully compiled "resources/public/js/compiled/app.js" in 4.033 seconds.[0m
notifying browser that file changed:  resources\public\js\compiled\out\pikogram\views.js
[0mCompiling "resources/public/js/compiled/app.js" from ["src/cljs"]...[0m
[32mSuccessfully compiled "resources/public/js/compiled/app.js" in 4.129 seconds.[0m
notifying browser that file changed:  resources\public\js\compiled\out\pikogram\views.js
[0mCompiling "resources/public/js/compiled/app.js" from ["src/cljs"]...[0m
[36m----  Compiler Warning on   src/cljs/pikogram/views.cljs   line:29  column:31  ----[0m

  [1mUse of undeclared Var pikogram.views/newValue[0m

  [36m25[0m  [36m  ::setFiltersValue[0m
  [36m26[0m  [36m  (fn [db [_ payload]][0m
  [36m27[0m  [36m    (let [path (get-in payload [:path])[0m
  [36m28[0m  [36m          value (get-in payload [:value])])[0m
  [33m29[0m  [1m    (assoc-in db [:grayscale] newValue)))[0m
  [0m  [0m  [33m                              ^--- Use of undeclared Var pikogram.views/newValue[0m
  [36m30[0m  [36m[0m
  [36m31[0m  [36m[0m
  [36m32[0m  [36m(defn main-panel [][0m
  [36m33[0m  [36m  (let [filters @(re-frame/subscribe [::getFiltersValue])][0m
  [36m34[0m  [36m    (.log js/console filters)[0m

[36m----  Compiler Warning : Please see src/cljs/pikogram/views.cljs  ----[0m
[32mSuccessfully compiled "resources/public/js/compiled/app.js" in 3.794 seconds.[0m
notifying browser that file changed:  resources\public\js\compiled\out\pikogram\views.js
[0mCompiling "resources/public/js/compiled/app.js" from ["src/cljs"]...[0m
[36m----  Compiler Warning on   src/cljs/pikogram/views.cljs   line:29  column:18  ----[0m

  [1mUse of undeclared Var pikogram.views/path[0m

  [36m25[0m  [36m  ::setFiltersValue[0m
  [36m26[0m  [36m  (fn [db [_ payload]][0m
  [36m27[0m  [36m    (let [path (get-in payload [:path])[0m
  [36m28[0m  [36m          value (get-in payload [:value])])[0m
  [33m29[0m  [1m    (assoc-in db path newValue)))[0m
  [0m  [0m  [33m                 ^--- Use of undeclared Var pikogram.views/path[0m
  [36m30[0m  [36m[0m
  [36m31[0m  [36m[0m
  [36m32[0m  [36m(defn main-panel [][0m
  [36m33[0m  [36m  (let [filters @(re-frame/subscribe [::getFiltersValue])][0m
  [36m34[0m  [36m    (.log js/console filters)[0m

[36m----  Compiler Warning : Please see src/cljs/pikogram/views.cljs  ----[0m
[36m----  Compiler Warning on   src/cljs/pikogram/views.cljs   line:29  column:23  ----[0m

  [1mUse of undeclared Var pikogram.views/newValue[0m

  [36m25[0m  [36m  ::setFiltersValue[0m
  [36m26[0m  [36m  (fn [db [_ payload]][0m
  [36m27[0m  [36m    (let [path (get-in payload [:path])[0m
  [36m28[0m  [36m          value (get-in payload [:value])])[0m
  [33m29[0m  [1m    (assoc-in db path newValue)))[0m
  [0m  [0m  [33m                      ^--- Use of undeclared Var pikogram.views/newValue[0m
  [36m30[0m  [36m[0m
  [36m31[0m  [36m[0m
  [36m32[0m  [36m(defn main-panel [][0m
  [36m33[0m  [36m  (let [filters @(re-frame/subscribe [::getFiltersValue])][0m
  [36m34[0m  [36m    (.log js/console filters)[0m

[36m----  Compiler Warning : Please see src/cljs/pikogram/views.cljs  ----[0m
[32mSuccessfully compiled "resources/public/js/compiled/app.js" in 3.757 seconds.[0m
notifying browser that file changed:  resources\public\js\compiled\out\pikogram\views.js
[0mCompiling "resources/public/js/compiled/app.js" from ["src/cljs"]...[0m
[36m----  Compiler Warning on   src/cljs/pikogram/views.cljs   line:29  column:18  ----[0m

  [1mUse of undeclared Var pikogram.views/path[0m

  [36m25[0m  [36m  ::setFiltersValue[0m
  [36m26[0m  [36m  (fn [db [_ payload]][0m
  [36m27[0m  [36m    (let [path (get-in payload [:path])[0m
  [36m28[0m  [36m          value (get-in payload [:value])])[0m
  [33m29[0m  [1m    (assoc-in db path value)))[0m
  [0m  [0m  [33m                 ^--- Use of undeclared Var pikogram.views/path[0m
  [36m30[0m  [36m[0m
  [36m31[0m  [36m[0m
  [36m32[0m  [36m(defn main-panel [][0m
  [36m33[0m  [36m  (let [filters @(re-frame/subscribe [::getFiltersValue])][0m
  [36m34[0m  [36m    (.log js/console filters)[0m

[36m----  Compiler Warning : Please see src/cljs/pikogram/views.cljs  ----[0m
[36m----  Compiler Warning on   src/cljs/pikogram/views.cljs   line:29  column:23  ----[0m

  [1mUse of undeclared Var pikogram.views/value[0m

  [36m25[0m  [36m  ::setFiltersValue[0m
  [36m26[0m  [36m  (fn [db [_ payload]][0m
  [36m27[0m  [36m    (let [path (get-in payload [:path])[0m
  [36m28[0m  [36m          value (get-in payload [:value])])[0m
  [33m29[0m  [1m    (assoc-in db path value)))[0m
  [0m  [0m  [33m                      ^--- Use of undeclared Var pikogram.views/value[0m
  [36m30[0m  [36m[0m
  [36m31[0m  [36m[0m
  [36m32[0m  [36m(defn main-panel [][0m
  [36m33[0m  [36m  (let [filters @(re-frame/subscribe [::getFiltersValue])][0m
  [36m34[0m  [36m    (.log js/console filters)[0m

[36m----  Compiler Warning : Please see src/cljs/pikogram/views.cljs  ----[0m
[32mSuccessfully compiled "resources/public/js/compiled/app.js" in 3.674 seconds.[0m
notifying browser that file changed:  resources\public\js\compiled\out\pikogram\views.js
[0mCompiling "resources/public/js/compiled/app.js" from ["src/cljs"]...[0m
[32mSuccessfully compiled "resources/public/js/compiled/app.js" in 3.424 seconds.[0m
notifying browser that file changed:  resources\public\js\compiled\out\pikogram\views.js
[0mCompiling "resources/public/js/compiled/app.js" from ["src/cljs"]...[0m
[32mSuccessfully compiled "resources/public/js/compiled/app.js" in 3.64 seconds.[0m
notifying browser that file changed:  resources\public\js\compiled\out\pikogram\views.js
[0mCompiling "resources/public/js/compiled/app.js" from ["src/cljs"]...[0m
[32mSuccessfully compiled "resources/public/js/compiled/app.js" in 3.538 seconds.[0m
notifying browser that file changed:  resources\public\js\compiled\out\pikogram\views.js
[0mCompiling "resources/public/js/compiled/app.js" from ["src/cljs"]...[0m
[32mSuccessfully compiled "resources/public/js/compiled/app.js" in 3.547 seconds.[0m
notifying browser that file changed:  resources\public\js\compiled\out\pikogram\views.js
[0mCompiling "resources/public/js/compiled/app.js" from ["src/cljs"]...[0m
[32mSuccessfully compiled "resources/public/js/compiled/app.js" in 3.754 seconds.[0m
notifying browser that file changed:  resources\public\js\compiled\out\pikogram\views.js
[0mCompiling "resources/public/js/compiled/app.js" from ["src/cljs"]...[0m
[32mSuccessfully compiled "resources/public/js/compiled/app.js" in 3.443 seconds.[0m
notifying browser that file changed:  resources\public\js\compiled\out\pikogram\views.js
[0mCompiling "resources/public/js/compiled/app.js" from ["src/cljs"]...[0m
[32mSuccessfully compiled "resources/public/js/compiled/app.js" in 3.369 seconds.[0m
notifying browser that file changed:  resources\public\js\compiled\out\pikogram\views.js
[0mCompiling "resources/public/js/compiled/app.js" from ["src/cljs"]...[0m
[32mSuccessfully compiled "resources/public/js/compiled/app.js" in 3.534 seconds.[0m
notifying browser that file changed:  resources\public\js\compiled\out\pikogram\views.js
[0mCompiling "resources/public/js/compiled/app.js" from ["src/cljs"]...[0m
[32mSuccessfully compiled "resources/public/js/compiled/app.js" in 3.559 seconds.[0m
notifying browser that file changed:  resources\public\js\compiled\out\pikogram\views.js
[0mCompiling "resources/public/js/compiled/app.js" from ["src/cljs"]...[0m
[36m----  Compiler Warning on   src/cljs/pikogram/views.cljs   line:46  column:6  ----[0m

  [1mWrong number of args (1) passed to pikogram.views/input[0m

  [36m42[0m  [36m(.log js/console filters)[0m
  [36m43[0m  [36m[:section[0m
  [36m44[0m  [36m [:img {:src "pik.jpg"[0m
  [36m45[0m  [36m        :style {:filter filters}}][0m
  [33m46[0m  [1m (input [:sepia])]))[0m
  [0m  [0m  [33m ^--- Wrong number of args (1) passed to pikogram.views/input[0m

[36m----  Compiler Warning : Please see src/cljs/pikogram/views.cljs  ----[0m
[32mSuccessfully compiled "resources/public/js/compiled/app.js" in 3.49 seconds.[0m
notifying browser that file changed:  resources\public\js\compiled\out\pikogram\views.js
[0mCompiling "resources/public/js/compiled/app.js" from ["src/cljs"]...[0m
[32mSuccessfully compiled "resources/public/js/compiled/app.js" in 3.822 seconds.[0m
notifying browser that file changed:  resources\public\js\compiled\out\pikogram\views.js
[0mCompiling "resources/public/js/compiled/app.js" from ["src/cljs"]...[0m
[32mSuccessfully compiled "resources/public/js/compiled/app.js" in 3.622 seconds.[0m
notifying browser that file changed:  resources\public\js\compiled\out\pikogram\views.js
[0mCompiling "resources/public/js/compiled/app.js" from ["src/cljs"]...[0m
[32mSuccessfully compiled "resources/public/js/compiled/app.js" in 3.494 seconds.[0m
notifying browser that file changed:  resources\public\js\compiled\out\pikogram\views.js
[0mCompiling "resources/public/js/compiled/app.js" from ["src/cljs"]...[0m
[32mSuccessfully compiled "resources/public/js/compiled/app.js" in 3.765 seconds.[0m
notifying browser that file changed:  resources\public\js\compiled\out\pikogram\views.js
[0mCompiling "resources/public/js/compiled/app.js" from ["src/cljs"]...[0m
[32mSuccessfully compiled "resources/public/js/compiled/app.js" in 3.057 seconds.[0m
notifying browser that file changed:  resources\public\js\compiled\out\pikogram\views.js
[0mCompiling "resources/public/js/compiled/app.js" from ["src/cljs"]...[0m
[32mSuccessfully compiled "resources/public/js/compiled/app.js" in 3.539 seconds.[0m
notifying browser that file changed:  resources\public\js\compiled\out\pikogram\views.js
[0mCompiling "resources/public/js/compiled/app.js" from ["src/cljs"]...[0m
[32mSuccessfully compiled "resources/public/js/compiled/app.js" in 3.641 seconds.[0m
notifying browser that file changed:  resources\public\js\compiled\out\pikogram\views.js
[0mCompiling "resources/public/js/compiled/app.js" from ["src/cljs"]...[0m
[32mSuccessfully compiled "resources/public/js/compiled/app.js" in 3.415 seconds.[0m
notifying browser that file changed:  resources\public\js\compiled\out\pikogram\views.js
[0mCompiling "resources/public/js/compiled/app.js" from ["src/cljs"]...[0m
[32mSuccessfully compiled "resources/public/js/compiled/app.js" in 3.448 seconds.[0m
notifying browser that file changed:  resources\public\js\compiled\out\pikogram\views.js
[0mCompiling "resources/public/js/compiled/app.js" from ["src/cljs"]...[0m
[32mSuccessfully compiled "resources/public/js/compiled/app.js" in 3.397 seconds.[0m
notifying browser that file changed:  resources\public\js\compiled\out\pikogram\views.js
[0mCompiling "resources/public/js/compiled/app.js" from ["src/cljs"]...[0m
[32mSuccessfully compiled "resources/public/js/compiled/app.js" in 3.384 seconds.[0m
notifying browser that file changed:  resources\public\js\compiled\out\pikogram\views.js
[0mCompiling "resources/public/js/compiled/app.js" from ["src/cljs"]...[0m
[32mSuccessfully compiled "resources/public/js/compiled/app.js" in 3.826 seconds.[0m
notifying browser that file changed:  resources\public\js\compiled\out\pikogram\views.js
[0mCompiling "resources/public/js/compiled/app.js" from ["src/cljs"]...[0m
[32mSuccessfully compiled "resources/public/js/compiled/app.js" in 3.372 seconds.[0m
notifying browser that file changed:  resources\public\js\compiled\out\pikogram\views.js
[0mCompiling "resources/public/js/compiled/app.js" from ["src/cljs"]...[0m
[32mSuccessfully compiled "resources/public/js/compiled/app.js" in 3.516 seconds.[0m
notifying browser that file changed:  resources\public\js\compiled\out\pikogram\views.js
[0mCompiling "resources/public/js/compiled/app.js" from ["src/cljs"]...[0m
[32mSuccessfully compiled "resources/public/js/compiled/app.js" in 4.018 seconds.[0m
notifying browser that file changed:  resources/public/js/compiled/out/cljs_deps.js
notifying browser that file changed:  resources\public\js\compiled\out\pikogram\views.js
[0mCompiling "resources/public/js/compiled/app.js" from ["src/cljs"]...[0m
[32mSuccessfully compiled "resources/public/js/compiled/app.js" in 3.824 seconds.[0m
notifying browser that file changed:  resources\public\js\compiled\out\pikogram\views.js
[0mCompiling "resources/public/js/compiled/app.js" from ["src/cljs"]...[0m
[32mSuccessfully compiled "resources/public/js/compiled/app.js" in 3.907 seconds.[0m
notifying browser that file changed:  resources\public\js\compiled\out\pikogram\views.js
[0mCompiling "resources/public/js/compiled/app.js" from ["src/cljs"]...[0m
[32mSuccessfully compiled "resources/public/js/compiled/app.js" in 3.344 seconds.[0m
notifying browser that file changed:  resources\public\js\compiled\out\pikogram\views.js
[0mCompiling "resources/public/js/compiled/app.js" from ["src/cljs"]...[0m
[32mSuccessfully compiled "resources/public/js/compiled/app.js" in 3.672 seconds.[0m
notifying browser that file changed:  resources\public\js\compiled\out\pikogram\views.js
[0mCompiling "resources/public/js/compiled/app.js" from ["src/cljs"]...[0m
[32mSuccessfully compiled "resources/public/js/compiled/app.js" in 3.817 seconds.[0m
notifying browser that file changed:  resources\public\js\compiled\out\pikogram\views.js
[0mCompiling "resources/public/js/compiled/app.js" from ["src/cljs"]...[0m
[32mSuccessfully compiled "resources/public/js/compiled/app.js" in 3.631 seconds.[0m
notifying browser that file changed:  resources\public\js\compiled\out\pikogram\views.js
[0mCompiling "resources/public/js/compiled/app.js" from ["src/cljs"]...[0m
[32mSuccessfully compiled "resources/public/js/compiled/app.js" in 3.589 seconds.[0m
notifying browser that file changed:  resources\public\js\compiled\out\pikogram\views.js
[0mCompiling "resources/public/js/compiled/app.js" from ["src/cljs"]...[0m
[32mSuccessfully compiled "resources/public/js/compiled/app.js" in 3.853 seconds.[0m
notifying browser that file changed:  resources\public\js\compiled\out\pikogram\views.js
Notifying browser that CSS file changed: resources/public/css/app.css
Notifying browser that CSS file changed: resources/public/css/app.css
Notifying browser that CSS file changed: resources/public/css/app.css
Notifying browser that CSS file changed: resources/public/css/app.css
Notifying browser that CSS file changed: resources/public/css/app.css
Notifying browser that CSS file changed: resources/public/css/app.css
Notifying browser that CSS file changed: resources/public/css/app.css
Notifying browser that CSS file changed: resources/public/css/app.css
Notifying browser that CSS file changed: resources/public/css/app.css
Notifying browser that CSS file changed: resources/public/css/app.css
Notifying browser that CSS file changed: resources/public/css/app.css
Notifying browser that CSS file changed: resources/public/css/app.css
Notifying browser that CSS file changed: resources/public/css/app.css
[0mCompiling "resources/public/js/compiled/app.js" from ["src/cljs"]...[0m
[32mSuccessfully compiled "resources/public/js/compiled/app.js" in 3.445 seconds.[0m
notifying browser that file changed:  resources\public\js\compiled\out\pikogram\views.js
[0mCompiling "resources/public/js/compiled/app.js" from ["src/cljs"]...[0m
[32mSuccessfully compiled "resources/public/js/compiled/app.js" in 3.825 seconds.[0m
notifying browser that file changed:  resources\public\js\compiled\out\pikogram\views.js
[0mCompiling "resources/public/js/compiled/app.js" from ["src/cljs"]...[0m
[32mSuccessfully compiled "resources/public/js/compiled/app.js" in 3.694 seconds.[0m
notifying browser that file changed:  resources\public\js\compiled\out\pikogram\views.js
[0mCompiling "resources/public/js/compiled/app.js" from ["src/cljs"]...[0m
[32mSuccessfully compiled "resources/public/js/compiled/app.js" in 3.425 seconds.[0m
notifying browser that file changed:  resources\public\js\compiled\out\pikogram\views.js
[0mCompiling "resources/public/js/compiled/app.js" from ["src/cljs"]...[0m
[32mSuccessfully compiled "resources/public/js/compiled/app.js" in 3.392 seconds.[0m
notifying browser that file changed:  resources\public\js\compiled\out\pikogram\views.js
[0mCompiling "resources/public/js/compiled/app.js" from ["src/cljs"]...[0m
[32mSuccessfully compiled "resources/public/js/compiled/app.js" in 3.533 seconds.[0m
notifying browser that file changed:  resources\public\js\compiled\out\pikogram\views.js
[0mCompiling "resources/public/js/compiled/app.js" from ["src/cljs"]...[0m
[32mSuccessfully compiled "resources/public/js/compiled/app.js" in 3.452 seconds.[0m
notifying browser that file changed:  resources\public\js\compiled\out\pikogram\views.js
[0mCompiling "resources/public/js/compiled/app.js" from ["src/cljs"]...[0m
[32mSuccessfully compiled "resources/public/js/compiled/app.js" in 3.615 seconds.[0m
notifying browser that file changed:  resources\public\js\compiled\out\pikogram\db.js
[0mCompiling "resources/public/js/compiled/app.js" from ["src/cljs"]...[0m
[32mSuccessfully compiled "resources/public/js/compiled/app.js" in 5.219 seconds.[0m
notifying browser that file changed:  resources\public\js\compiled\out\pikogram\db.js
[0mCompiling "resources/public/js/compiled/app.js" from ["src/cljs"]...[0m
[32mSuccessfully compiled "resources/public/js/compiled/app.js" in 3.783 seconds.[0m
notifying browser that file changed:  resources\public\js\compiled\out\pikogram\views.js
Notifying browser that CSS file changed: resources/public/css/app.css
Notifying browser that CSS file changed: resources/public/css/app.css
Notifying browser that CSS file changed: resources/public/css/app.css
Notifying browser that CSS file changed: resources/public/css/app.css
Notifying browser that CSS file changed: resources/public/css/app.css
Notifying browser that CSS file changed: resources/public/css/app.css
[0mCompiling "resources/public/js/compiled/app.js" from ["src/cljs"]...[0m
[32mSuccessfully compiled "resources/public/js/compiled/app.js" in 6.328 seconds.[0m
notifying browser that file changed:  resources\public\js\compiled\out\pikogram\views.js
[0mCompiling "resources/public/js/compiled/app.js" from ["src/cljs"]...[0m
[32mSuccessfully compiled "resources/public/js/compiled/app.js" in 3.384 seconds.[0m
notifying browser that file changed:  resources\public\js\compiled\out\pikogram\views.js
[0mCompiling "resources/public/js/compiled/app.js" from ["src/cljs"]...[0m
[36m----  Compiler Warning on   /c:/repos/pikogram/src/cljs/pikogram/views.cljs   line:70  column:7  ----[0m

  [1mUse of undeclared Var pikogram.views/pikogram[0m

  [36m66[0m  [36m(input [:saturate])[0m
  [36m67[0m  [36m(input [:opacity])[0m
  [36m68[0m  [36m(input [:grayscale])[0m
  [36m69[0m  [36m[:span {:class "logo"}[0m
  [33m70[0m  [1m pikogram]]))[0m
  [0m  [0m  [33m ^--- Use of undeclared Var pikogram.views/pikogram[0m

[36m----  Compiler Warning : Please see /c:/repos/pikogram/src/cljs/pikogram/views.cljs  ----[0m
[32mSuccessfully compiled "resources/public/js/compiled/app.js" in 4.222 seconds.[0m
notifying browser that file changed:  resources\public\js\compiled\out\pikogram\views.js
[0mCompiling "resources/public/js/compiled/app.js" from ["src/cljs"]...[0m
[32mSuccessfully compiled "resources/public/js/compiled/app.js" in 3.379 seconds.[0m
notifying browser that file changed:  resources\public\js\compiled\out\pikogram\views.js
[0mCompiling "resources/public/js/compiled/app.js" from ["src/cljs"]...[0m
[32mSuccessfully compiled "resources/public/js/compiled/app.js" in 4.3 seconds.[0m
notifying browser that file changed:  resources\public\js\compiled\out\pikogram\views.js
Notifying browser that CSS file changed: resources/public/css/app.css
Notifying browser that CSS file changed: resources/public/css/app.css
Notifying browser that CSS file changed: resources/public/css/app.css
Notifying browser that CSS file changed: resources/public/css/app.css
Notifying browser that CSS file changed: resources/public/css/app.css
Notifying browser that CSS file changed: resources/public/css/app.css
Notifying browser that CSS file changed: resources/public/css/app.css
Notifying browser that CSS file changed: resources/public/css/app.css
Notifying browser that CSS file changed: resources/public/css/app.css
Notifying browser that CSS file changed: resources/public/css/app.css
Notifying browser that CSS file changed: resources/public/css/app.css
[0mCompiling "resources/public/js/compiled/app.js" from ["src/cljs"]...[0m
[32mSuccessfully compiled "resources/public/js/compiled/app.js" in 4.217 seconds.[0m
notifying browser that file changed:  resources\public\js\compiled\out\pikogram\views.js
[0mCompiling "resources/public/js/compiled/app.js" from ["src/cljs"]...[0m
[32mSuccessfully compiled "resources/public/js/compiled/app.js" in 4.902 seconds.[0m
notifying browser that file changed:  resources\public\js\compiled\out\pikogram\views.js
[0mCompiling "resources/public/js/compiled/app.js" from ["src/cljs"]...[0m
[32mSuccessfully compiled "resources/public/js/compiled/app.js" in 3.874 seconds.[0m
notifying browser that file changed:  resources\public\js\compiled\out\pikogram\views.js
[0mCompiling "resources/public/js/compiled/app.js" from ["src/cljs"]...[0m
[32mSuccessfully compiled "resources/public/js/compiled/app.js" in 3.678 seconds.[0m
notifying browser that file changed:  resources\public\js\compiled\out\pikogram\views.js
[0mCompiling "resources/public/js/compiled/app.js" from ["src/cljs"]...[0m
[32mSuccessfully compiled "resources/public/js/compiled/app.js" in 3.693 seconds.[0m
notifying browser that file changed:  resources\public\js\compiled\out\pikogram\views.js
[0mCompiling "resources/public/js/compiled/app.js" from ["src/cljs"]...[0m
[32mSuccessfully compiled "resources/public/js/compiled/app.js" in 3.649 seconds.[0m
notifying browser that file changed:  resources\public\js\compiled\out\pikogram\views.js
[0mCompiling "resources/public/js/compiled/app.js" from ["src/cljs"]...[0m
[32mSuccessfully compiled "resources/public/js/compiled/app.js" in 3.656 seconds.[0m
notifying browser that file changed:  resources\public\js\compiled\out\pikogram\views.js
Notifying browser that CSS file changed: resources/public/css/app.css
Notifying browser that CSS file changed: resources/public/css/app.css
[0mCompiling "resources/public/js/compiled/app.js" from ["src/cljs"]...[0m
[32mSuccessfully compiled "resources/public/js/compiled/app.js" in 4.378 seconds.[0m
notifying browser that file changed:  resources\public\js\compiled\out\pikogram\views.js
Notifying browser that CSS file changed: resources/public/css/app.css
Notifying browser that CSS file changed: resources/public/css/app.css
Notifying browser that CSS file changed: resources/public/css/app.css
Notifying browser that CSS file changed: resources/public/css/app.css
Notifying browser that CSS file changed: resources/public/css/app.css
Notifying browser that CSS file changed: resources/public/css/app.css
Notifying browser that CSS file changed: resources/public/css/app.css
Notifying browser that CSS file changed: resources/public/css/app.css
Notifying browser that CSS file changed: resources/public/css/app.css
Notifying browser that CSS file changed: resources/public/css/app.css
Notifying browser that CSS file changed: resources/public/css/app.css
Notifying browser that CSS file changed: resources/public/css/app.css
Notifying browser that CSS file changed: resources/public/css/app.css
Notifying browser that CSS file changed: resources/public/css/app.css
Notifying browser that CSS file changed: resources/public/css/app.css
Notifying browser that CSS file changed: resources/public/css/app.css
Notifying browser that CSS file changed: resources/public/css/app.css
Notifying browser that CSS file changed: resources/public/css/app.css
Notifying browser that CSS file changed: resources/public/css/app.css
Notifying browser that CSS file changed: resources/public/css/app.css
Notifying browser that CSS file changed: resources/public/css/app.css
Notifying browser that CSS file changed: resources/public/css/app.css
Notifying browser that CSS file changed: resources/public/css/app.css
Notifying browser that CSS file changed: resources/public/css/app.css
Notifying browser that CSS file changed: resources/public/css/app.css
Notifying browser that CSS file changed: resources/public/css/app.css
Notifying browser that CSS file changed: resources/public/css/app.css
Notifying browser that CSS file changed: resources/public/css/app.css
Notifying browser that CSS file changed: resources/public/css/app.css
Notifying browser that CSS file changed: resources/public/css/app.css
Notifying browser that CSS file changed: resources/public/css/app.css
Notifying browser that CSS file changed: resources/public/css/app.css
Notifying browser that CSS file changed: resources/public/css/app.css
Notifying browser that CSS file changed: resources/public/css/app.css
Notifying browser that CSS file changed: resources/public/css/app.css
Notifying browser that CSS file changed: resources/public/css/app.css
